2023-07-06 03:37:32.456 | INFO     | demo_init2:ask_answer:410 - Question: what can we get from this chest medical image? 
2023-07-06 03:37:32.516 | INFO     | demo_init2:ask_answer:459 - Task : report
2023-07-06 03:37:32.516 | INFO     | demo_init2:ask_answer:460 - Instruction:  what can we get from this chest medical image? 
2023-07-06 03:37:36.284 | INFO     | demo_init2:ask_answer:477 - Detected disease: ['Lung Opacity', 'Pleural Effusion', 'Pneumonia'], 0.756996
2023-07-06 03:37:36.287 | INFO     | demo_init2:ask_answer:483 - Answer: 0.793617, right picc tip terminates in the mid svc . heart size is normal . mediastinal and hilar contours are unremarkable . pulmonary vasculature is not engorged . left lower lobe consolidative opacity is compatible with pneumonia . small left pleural effusion is present . right lung is clear . no pneumothorax is identified . cervical spinal fusion hardware is incompletely assessed . left lower lobe consolidative opacity compatible with pneumonia . small left pleural effusion .
2023-07-06 03:37:36.288 | INFO     | demo_init2:ask_answer:484 - Coors: 
2023-07-06 03:38:00.016 | INFO     | demo_init2:ask_answer:410 - Question: what can we get from this chest medical image? 
2023-07-06 03:38:00.023 | INFO     | demo_init2:ask_answer:459 - Task : report
2023-07-06 03:38:00.024 | INFO     | demo_init2:ask_answer:460 - Instruction:  what can we get from this chest medical image? 
2023-07-06 03:38:03.571 | INFO     | demo_init2:ask_answer:477 - Detected disease: ['Cardiomegaly', 'Edema', 'Lung Opacity', 'Pleural Effusion', 'Pneumonia'], 0.718025
2023-07-06 03:38:03.576 | INFO     | demo_init2:ask_answer:483 - Answer: 0.698126, frontal and lateral radiographs of the chest demonstrate stable severe enlargement of the cardiac silhouette . the mediastinal and hilar contours are normal . the pulmonary vasculature is normal . bilateral pleural effusions, left greater than right, with adjacent atelectasis, are unchanged . no pneumothorax is seen . there are no acute osseous abnormalities . stable severe enlargement of the cardiac silhouette . no pneumothorax .
2023-07-06 03:38:03.577 | INFO     | demo_init2:ask_answer:484 - Coors: 
2023-07-06 03:38:04.317 | INFO     | demo_init2:ask_answer:410 - Question: what can we get from this chest medical image? 
2023-07-06 03:38:04.325 | INFO     | demo_init2:ask_answer:459 - Task : report
2023-07-06 03:38:04.325 | INFO     | demo_init2:ask_answer:460 - Instruction:  what can we get from this chest medical image? 
2023-07-06 03:38:07.348 | INFO     | demo_init2:ask_answer:477 - Detected disease: ['Lung Opacity', 'Pleural Effusion', 'Pneumothorax'], 0.801355
2023-07-06 03:38:07.354 | INFO     | demo_init2:ask_answer:483 - Answer: 0.732004, portable ap radiograph of the chest was reviewed in comparison to prior study obtained the same day earlier . the port-a-cath catheter tip is at the level of mid svc . the left chest tube is in place . there is no appreciable pneumothorax . there is slight interval increase in right pleural effusion . multiple pulmonary nodules are redemonstrated .
2023-07-06 03:38:07.355 | INFO     | demo_init2:ask_answer:484 - Coors: 
2023-07-06 03:38:35.644 | INFO     | demo_init2:ask_answer:410 - Question: where is Pneumonia?
2023-07-06 03:38:35.657 | INFO     | demo_init2:ask_answer:459 - Task : detect
2023-07-06 03:38:35.658 | INFO     | demo_init2:ask_answer:460 - Instruction:  which region does the text ' Pneumonia ' describe?
2023-07-06 03:38:36.178 | INFO     | demo_init2:ask_answer:483 - Answer: 0.040294, 
2023-07-06 03:38:36.179 | INFO     | demo_init2:ask_answer:484 - Coors: <bin_107> <bin_528> <bin_340> <bin_798>
2023-07-06 03:38:37.076 | INFO     | demo_init2:ask_answer:410 - Question: what disease does this image have?
